<?xml version="1.0" encoding="UTF-8"?>
<testsuite xmlns:xsi="http://www.w3.org/2001/XMLSchema-instance" xsi:noNamespaceSchemaLocation="https://maven.apache.org/surefire/maven-surefire-plugin/xsd/surefire-test-report-3.0.xsd" version="3.0" name="com.northstar.crm.CrmApplicationTests" time="3.453" tests="1" errors="0" skipped="0" failures="0">
  <properties>
[...]
</properties>
  <testcase name="contextLoads" classname="com.northstar.crm.CrmApplicationTests" time="0.666">
    <system-out><![CDATA[15:32:44.269 [main] INFO org.springframework.test.context.support.AnnotationConfigContextLoaderUtils -- Could not detect default configuration classes for test class [com.northstar.crm.CrmApplicationTests]: CrmApplicationTests does not declare any static, non-private, non-final, nested classes annotated with @Configuration.
15:32:44.352 [main] INFO org.springframework.boot.test.context.SpringBootTestContextBootstrapper -- Found @SpringBootConfiguration com.northstar.crm.CrmApplication for test class com.northstar.crm.CrmApplicationTests

  .   ____          _            __ _ _
 /\\ / ___'_ __ _ _(_)_ __  __ _ \ \ \ \
( ( )\___ | '_ | '_| | '_ \/ _` | \ \ \ \
 \\/  ___)| |_)| | | | | || (_| |  ) ) ) )
  '  |____| .__|_| |_|_| |_\__, | / / / /
 =========|_|==============|___/=/_/_/_/

 :: Spring Boot ::                (v3.3.5)

2026-08-07T15:32:44.707-04:00  INFO 45916 --- [northstar-crm] [           main] com.northstar.crm.CrmApplicationTests    : Starting CrmApplicationTests using Java 21.0.11 with PID 45916 (started by TJSha in C:\Users\TJSha.DESKTOP-16A5SLR\java-bootcamp\examples\lab25-crm)
2026-08-07T15:32:44.708-04:00  INFO 45916 --- [northstar-crm] [           main] com.northstar.crm.CrmApplicationTests    : No active profile set, falling back to 1 default profile: "default"
2026-08-07T15:32:45.675-04:00  WARN 45916 --- [northstar-crm] [           main] trationDelegate$BeanPostProcessorChecker : Bean 'webServiceConfig' of type [com.northstar.crm.config.WebServiceConfig$$SpringCGLIB$$0] is not eligible for getting processed by all BeanPostProcessors (for example: not eligible for auto-proxying). Is this bean getting eagerly injected/applied to a currently created BeanPostProcessor [annotationActionEndpointMapping]? Check the corresponding BeanPostProcessor declaration and its dependencies/advisors. If this bean does not have to be post-processed, declare it with ROLE_INFRASTRUCTURE.
2026-08-07T15:32:45.676-04:00  WARN 45916 --- [northstar-crm] [           main] trationDelegate$BeanPostProcessorChecker : Bean 'org.springframework.ws.config.annotation.DelegatingWsConfiguration' of type [org.springframework.ws.config.annotation.DelegatingWsConfiguration$$SpringCGLIB$$0] is not eligible for getting processed by all BeanPostProcessors (for example: not eligible for auto-proxying). The currently created BeanPostProcessor [annotationActionEndpointMapping] is declared through a non-static factory method on that class; consider declaring it as static instead.
2026-08-07T15:32:45.694-04:00  INFO 45916 --- [northstar-crm] [           main] .w.s.a.s.AnnotationActionEndpointMapping : Supporting [WS-Addressing August 2004, WS-Addressing 1.0]
2026-08-07T15:32:46.686-04:00  INFO 45916 --- [northstar-crm] [           main] o.s.b.a.e.web.EndpointLinksResolver      : Exposing 2 endpoints beneath base path '/actuator'
2026-08-07T15:32:46.769-04:00  INFO 45916 --- [northstar-crm] [           main] com.northstar.crm.CrmApplicationTests    : Started CrmApplicationTests in 2.321 seconds (process running for 3.078)
]]></system-out>
    <system-err><![CDATA[WARNING: A Java agent has been loaded dynamically (C:\Users\TJSha.DESKTOP-16A5SLR\.m2\repository\net\bytebuddy\byte-buddy-agent\1.14.19\byte-buddy-agent-1.14.19.jar)
WARNING: If a serviceability tool is in use, please run with -XX:+EnableDynamicAgentLoading to hide this warning
WARNING: If a serviceability tool is not in use, please run with -Djdk.instrument.traceUsage for more information
WARNING: Dynamic loading of agents will be disallowed by default in a future release
]]></system-err>
  </testcase>
</testsuite>